<?xml version="1.0" encoding="UTF-8"?>
<testng-results skipped="0" failed="0" total="1" passed="1">
  <reporter-output>
  </reporter-output>
  <suite name="Command line suite" duration-ms="6470" started-at="2018-04-05T13:11:02Z" finished-at="2018-04-05T13:11:08Z">
    <groups>
    </groups>
    <test name="Command line test" duration-ms="6470" started-at="2018-04-05T13:11:02Z" finished-at="2018-04-05T13:11:08Z">
      <class name="com.tcs.ultimatix.AppTest">
        <test-method status="PASS" signature="testApp()[pri:0, instance:testApp(com.tcs.ultimatix.AppTest)]" name="testApp" duration-ms="6444" started-at="2018-04-05T18:41:02Z" finished-at="2018-04-05T18:41:08Z">
          <reporter-output>
          </reporter-output>
        </test-method> <!-- testApp -->
      </class> <!-- com.tcs.ultimatix.AppTest -->
    </test> <!-- Command line test -->
  </suite> <!-- Command line suite -->
</testng-results>
