<?xml version="1.0" encoding="UTF-8"?>
<testng-results skipped="0" failed="0" total="2" passed="2">
  <reporter-output>
  </reporter-output>
  <suite name="Command line suite" duration-ms="29965" started-at="2018-04-05T13:10:32Z" finished-at="2018-04-05T13:11:02Z">
    <groups>
    </groups>
    <test name="Command line test" duration-ms="29965" started-at="2018-04-05T13:10:32Z" finished-at="2018-04-05T13:11:02Z">
      <class name="com.tcs.ultimatix.TestNGSample">
        <test-method status="PASS" signature="sampletest()[pri:0, instance:com.tcs.ultimatix.TestNGSample@2ed94a8b]" name="sampletest" duration-ms="8" started-at="2018-04-05T18:40:32Z" finished-at="2018-04-05T18:40:32Z">
          <reporter-output>
          </reporter-output>
        </test-method> <!-- sampletest -->
      </class> <!-- com.tcs.ultimatix.TestNGSample -->
      <class name="com.tcs.ultimatix.regression.TestNGTests">
        <test-method status="PASS" signature="LoginTest()[pri:0, instance:com.tcs.ultimatix.regression.TestNGTests@6b2fad11]" name="LoginTest" duration-ms="29944" started-at="2018-04-05T18:40:32Z" finished-at="2018-04-05T18:41:02Z">
          <reporter-output>
          </reporter-output>
        </test-method> <!-- LoginTest -->
      </class> <!-- com.tcs.ultimatix.regression.TestNGTests -->
    </test> <!-- Command line test -->
  </suite> <!-- Command line suite -->
</testng-results>
